[2026-03-14 00:47:27] === 自主学习触发 ===
[2026-03-14 00:47:27] 当前时段：游戏开发 (game-dev)
[2026-03-14 00:47:27] 当前主题：游戏开发 v0.7
[2026-03-14 00:47:27] 当前状态：learning
[2026-03-14 00:47:27] 子主题：装备系统设计
[2026-03-14 00:47:27] 🚀 调用 openclaw agent 执行学习...
[2026-03-14 00:47:27] ❌ openclaw agent 执行失败
[2026-03-14 00:47:27] Gateway agent failed; falling back to embedded: Error: Pass --to <E.164>, --session-id, or --agent to choose a session
Error: Pass --to <E.164>, --session-id, or --agent to choose a session
[2026-03-14 00:48:53] === 自主学习触发 ===
[2026-03-14 00:48:53] 当前时段：游戏开发 (game-dev)
[2026-03-13 16:48:53] ❌ 错误：Unexpected token 'V', ..."          VIP 加成系统","... is not valid JSON
[2026-03-13 16:48:53] SyntaxError: Unexpected token 'V', ..."          VIP 加成系统","... is not valid JSON
    at JSON.parse (<anonymous>)
    at [stdin]:18:22
    at runScriptInThisContext (node:internal/vm:209:10)
    at node:internal/process/execution:446:12
    at [stdin]-wrapper:6:24
    at runScriptInContext (node:internal/process/execution:444:60)
    at evalFunction (node:internal/process/execution:279:30)
    at evalTypeScript (node:internal/process/execution:291:3)
    at node:internal/main/eval_stdin:53:5
    at Socket.<anonymous> (node:internal/process/execution:201:5)
[2026-03-14 00:49:22] === 自主学习触发 ===
[2026-03-14 00:49:22] 当前时段：游戏开发 (game-dev)
[2026-03-13 16:49:22] 当前主题：游戏开发 v0.7
[2026-03-13 16:49:22] 当前状态：learning
[2026-03-13 16:49:22] 子主题：装备系统设计
[2026-03-13 16:49:22] 下一步任务：v0.7 新功能
[2026-03-13 16:49:22] ✅ 学习状态已更新
[2026-03-13 16:49:22] 📚 开始学习：游戏开发 v0.7 - v0.7 新功能
[2026-03-13 16:49:22] === 自主学习完成 ===

[2026-03-14 00:49:29] === 自主学习触发 ===
[2026-03-14 00:49:29] 当前时段：游戏开发 (game-dev)
[2026-03-13 16:49:29] 当前主题：游戏开发 v0.7
[2026-03-13 16:49:29] 当前状态：learning
[2026-03-13 16:49:29] 子主题：v0.7 新功能
[2026-03-13 16:49:29] 下一步任务：v0.7 新功能
[2026-03-13 16:49:29] ✅ 学习状态已更新
[2026-03-13 16:49:29] 📚 开始学习：游戏开发 v0.7 - v0.7 新功能
[2026-03-13 16:49:29] === 自主学习完成 ===

[2026-03-14 00:50:30] === 自主学习触发 ===
[2026-03-13 16:50:30] 当前时段：game-dev
[2026-03-13 16:50:30] 当前主题：游戏开发 v0.7
[2026-03-13 16:50:30] 当前状态：learning
[2026-03-13 16:50:30] 🎮 执行游戏开发学习...
[2026-03-13 16:50:30] 📝 创建装备系统文件...
[2026-03-13 16:50:30] ✅ 装备系统核心已创建
[2026-03-13 16:50:30] ✅ 装备系统测试已创建
[2026-03-13 16:50:30] 🧪 运行装备系统测试...
[2026-03-13 16:50:33] 测试结果：
> dream-idle@0.0.0 test
> jest equipment.test.ts

FAIL src/utils/equipment.test.ts
  ● Test suite failed to run

    [96msrc/utils/equipment.test.ts[0m:[93m58[0m:[93m37[0m - [91merror[0m[90m...
[2026-03-13 16:50:33] ✅ v0.7 装备系统完成！
[2026-03-13 16:50:33] ✅ 学习状态已更新
[2026-03-13 16:50:33] === 自主学习完成 ===

[2026-03-14 01:00:01] === 自主学习触发 ===
