[2026-03-13 22:26:54] 触发 heartbeat 检查...
[2026-03-13 22:26:54] ✅ 读取 HEARTBEAT.md
[2026-03-13 22:26:54] 最后学习活动：2026-03-13T22:16:00.000Z
[2026-03-13 22:26:54] 📝 22:00 时段，准备生成每日进化报告

[2026-03-13 22:30:01] 触发 heartbeat 检查...
[2026-03-13 22:30:01] ✅ 读取 HEARTBEAT.md
[2026-03-13 22:30:01] 最后学习活动：2026-03-13T22:16:00.000Z

[2026-03-13 22:45:01] 触发 heartbeat 检查...
[2026-03-13 22:45:01] ✅ 读取 HEARTBEAT.md
[2026-03-13 22:45:01] 最后学习活动：2026-03-13T22:16:00.000Z

[2026-03-13 23:00:01] 触发 heartbeat 检查...
[2026-03-13 23:00:01] ✅ 读取 HEARTBEAT.md
[2026-03-13 23:00:01] 最后学习活动：2026-03-13T22:16:00.000Z

[2026-03-13 23:15:01] 触发 heartbeat 检查...
[2026-03-13 23:15:01] ✅ 读取 HEARTBEAT.md
[2026-03-13 23:15:01] 最后学习活动：2026-03-13T22:16:00.000Z

[2026-03-13 23:30:01] 触发 heartbeat 检查...
[2026-03-13 23:30:01] ✅ 读取 HEARTBEAT.md
[2026-03-13 23:30:01] 最后学习活动：2026-03-13T22:16:00.000Z

[2026-03-13 23:45:01] 触发 heartbeat 检查...
[2026-03-13 23:45:01] ✅ 读取 HEARTBEAT.md
[2026-03-13 23:45:01] 最后学习活动：2026-03-13T22:16:00.000Z

[2026-03-14 00:00:01] 触发 heartbeat 检查...
[2026-03-14 00:00:01] ✅ 读取 HEARTBEAT.md
[2026-03-14 00:00:01] 最后学习活动：2026-03-13T22:16:00.000Z

[2026-03-14 00:15:01] 触发 heartbeat 检查...
[2026-03-14 00:15:01] ✅ 读取 HEARTBEAT.md
[2026-03-14 00:15:01] 最后学习活动：2026-03-13T22:16:00.000Z

[2026-03-14 00:26:17] 触发 heartbeat 检查...
[2026-03-14 00:26:17] ✅ 读取 HEARTBEAT.md
[2026-03-14 00:26:17] 最后学习活动：2026-03-13T22:16:00.000Z
[2026-03-14 00:26:17] 🚀 触发 OpenClaw 学习任务...
[2026-03-14 00:26:17] ✅ 学习触发标记已创建

[2026-03-14 00:26:32] 触发 heartbeat 检查...
[2026-03-14 00:26:32] ✅ 读取 HEARTBEAT.md
[2026-03-14 00:26:32] 最后学习活动：2026-03-13T22:16:00.000Z
[2026-03-14 00:26:32] 🚀 触发 OpenClaw 学习任务...
[2026-03-14 00:26:32] ✅ 学习触发标记已创建
[2026-03-14 00:26:32] 📝 学习任务指令已创建

[2026-03-14 00:29:18] 触发 heartbeat 检查...
[2026-03-14 00:29:18] ✅ 读取 HEARTBEAT.md
[2026-03-14 00:29:18] 最后学习活动：2026-03-14T00:26:32.000Z
[2026-03-14 00:29:18] 当前状态：learning
[2026-03-14 00:29:18] 当前主题：游戏开发 v0.7
[2026-03-14 00:29:18] 🚀 触发 OpenClaw 学习任务...
[2026-03-14 00:29:18] ✅ 学习触发标记已创建
[2026-03-14 00:29:18] 📝 学习任务指令已创建（含进度追踪）

[2026-03-14 00:30:01] 触发 heartbeat 检查...
[2026-03-14 00:30:01] ✅ 读取 HEARTBEAT.md
[2026-03-14 00:30:01] 最后学习活动：2026-03-14T00:26:32.000Z
[2026-03-14 00:30:01] 当前状态：learning
[2026-03-14 00:30:01] 当前主题：游戏开发 v0.7
[2026-03-14 00:30:01] 🚀 触发 OpenClaw 学习任务...
[2026-03-14 00:30:01] ✅ 学习触发标记已创建

[2026-03-14 00:42:33] 触发 heartbeat 检查...
[2026-03-14 00:42:33] ✅ 读取 HEARTBEAT.md
[2026-03-14 00:42:33] 最后学习活动：2026-03-14T00:26:32.000Z
[2026-03-14 00:42:33] 当前状态：learning
[2026-03-14 00:42:33] 当前主题：游戏开发 v0.7
[2026-03-14 00:42:33] 📚 持续学习中 -7.71 小时（AI 不需要休息）
[2026-03-14 00:42:33] 🚀 触发 OpenClaw 学习任务...
[2026-03-14 00:42:33] ✅ 学习触发标记已创建
[2026-03-14 00:42:33] 📝 学习任务指令已创建（含进度追踪）

[2026-03-14 00:45:01] 触发 heartbeat 检查...
[2026-03-14 00:45:01] ✅ 读取 HEARTBEAT.md
[2026-03-14 00:45:01] 最后学习活动：2026-03-14T00:26:32.000Z
[2026-03-14 00:45:01] 当前状态：learning
[2026-03-14 00:45:01] 当前主题：游戏开发 v0.7
[2026-03-14 00:45:01] 📚 持续学习中 -7.68 小时（AI 不需要休息）
[2026-03-14 00:45:01] 🚀 触发 OpenClaw 学习任务...
[2026-03-14 00:45:01] ✅ 学习触发标记已创建

