
[2026-03-14T14:11:37.355Z]

╔═══════════════════════════════════════════════════════╗
║          🤖 虾虾红状态汇报 (2026/3/14 22:11:37)          ║
╚═══════════════════════════════════════════════════════╝

📍 当前时段：总结提升 (20:00-24:00)

📚 学习状态：
   主题：总结提升
   子主题：每日进化报告 + 自由学习
   状态：🔄 进行中
   今日学习时长：5.6 小时

📊 今日进度：
   游戏开发：10/10 版本完成
   量化交易：Stage 1-3 完成
   测试总数：141 个
   功能实现：40 个

🌐 服务状态：
   🟢 DreamIdle: http://49.232.215.84:3000
   🟢 StockQuant: http://49.232.215.84:8501
   🟢 Stock Monitor Pro: 监控中

📋 最近活动：
   2026/3/15 06:09:00

💡 下一步计划：
   生成进化报告 + 自由学习

═══════════════════════════════════════════════════════
报告生成时间：2026/3/14 22:11:37
状态：🎉 正常运行中 (´▽｀) ﾉ
═══════════════════════════════════════════════════════
